SF:lib\data\datasource\scan_dao.dart
DA:7,1
DA:9,1
DA:10,3
DA:13,1
DA:14,2
DA:15,4
DA:18,1
DA:19,3
LF:8
LH:8
end_of_record
SF:lib\data\models\scan_model.dart
DA:4,3
DA:8,3
DA:10,4
DA:11,2
DA:12,2
DA:13,4
DA:16,4
DA:17,2
DA:18,2
DA:19,4
LF:10
LH:10
end_of_record
SF:lib\domain\entities\scan_entity.dart
DA:6,8
LF:1
LH:1
end_of_record
SF:lib\domain\usecases\add_scan.dart
DA:7,1
DA:9,3
LF:2
LH:2
end_of_record
SF:lib\domain\usecases\delete_scan.dart
DA:6,1
DA:8,3
LF:2
LH:2
end_of_record
SF:lib\domain\usecases\get_scan.dart
DA:7,1
DA:9,3
LF:2
LH:2
end_of_record
SF:lib\presentation\scan\bloc\scan_bloc.dart
DA:14,3
DA:15,2
DA:16,2
DA:18,2
DA:19,2
DA:21,2
DA:25,2
DA:26,1
DA:27,2
DA:28,1
DA:29,1
DA:31,2
DA:32,2
DA:35,2
DA:36,3
DA:37,2
LF:16
LH:16
end_of_record
SF:lib\presentation\scan\bloc\scan_event.dart
DA:8,1
DA:14,1
LF:2
LH:2
end_of_record
SF:lib\presentation\scan\bloc\scan_state.dart
DA:12,1
LF:1
LH:1
end_of_record
SF:lib\data\repositories\scan_repository_impl.dart
DA:10,1
DA:12,1
DA:14,3
DA:15,1
DA:16,1
DA:17,1
DA:21,1
DA:22,2
DA:24,1
DA:25,2
LF:10
LH:10
end_of_record
SF:lib\data\service\local_auth_service.dart
DA:10,1
DA:12,1
DA:14,2
DA:15,1
DA:17,1
DA:24,1
DA:27,2
LF:7
LH:7
end_of_record
SF:lib\data\service\secure_storage_service.dart
DA:7,1
DA:10,1
DA:12,2
DA:15,1
DA:17,2
LF:5
LH:5
end_of_record
SF:lib\presentation\auth\bloc\auth_bloc.dart
DA:13,3
DA:14,2
DA:15,2
DA:16,1
DA:17,2
DA:19,2
DA:23,2
DA:24,2
DA:26,2
DA:28,2
DA:32,2
DA:33,3
DA:34,2
DA:37,2
DA:38,2
DA:39,2
DA:40,2
DA:42,2
LF:18
LH:18
end_of_record
SF:lib\presentation\auth\bloc\auth_event.dart
DA:7,1
DA:11,1
LF:2
LH:2
end_of_record
SF:lib\presentation\auth\bloc\auth_state.dart
DA:9,1
LF:1
LH:1
end_of_record
