SF:lib\data\datasource\scan_dao.dart
DA:7,1
DA:9,1
DA:10,3
DA:13,1
DA:14,2
DA:15,4
DA:18,1
DA:19,3
LF:8
LH:8
end_of_record
SF:lib\data\models\scan_model.dart
DA:4,3
DA:8,3
DA:10,4
DA:11,2
DA:12,2
DA:13,4
DA:16,4
DA:17,2
DA:18,2
DA:19,4
LF:10
LH:10
end_of_record
SF:lib\domain\entities\scan_entity.dart
DA:6,3
LF:1
LH:1
end_of_record
SF:lib\data\repositories\scan_repository_impl.dart
DA:10,1
DA:12,1
DA:14,3
DA:15,1
DA:16,1
DA:17,1
DA:21,1
DA:22,2
DA:24,1
DA:25,2
LF:10
LH:10
end_of_record
SF:lib\data\service\local_auth_service.dart
DA:10,1
DA:12,1
DA:14,2
DA:15,1
DA:17,1
DA:24,1
DA:27,2
LF:7
LH:7
end_of_record
SF:lib\data\service\secure_storage_service.dart
DA:7,1
DA:10,1
DA:12,2
DA:15,1
DA:17,2
LF:5
LH:5
end_of_record
